--------------------------------------
Running PBS prologue script
--------------------------------------
User and Job Data:
--------------------------------------
Job ID:    703848.qb3
Username:  mcg033
Group:     latechusers
Date:      07-Oct-2019 20:19
Node:      qb104 (20080)
--------------------------------------
PBS has allocated the following nodes:

qb104

A total of 20 processors on 1 nodes allocated
---------------------------------------------
Check nodes and clean them of stray processes
---------------------------------------------
Checking node qb104 20:19:05 
Done clearing all the allocated nodes
------------------------------------------------------
Concluding PBS prologue script - 07-Oct-2019 20:19:05
------------------------------------------------------
Local Sum on proc# 1 is 126270146.000000.
Local Sum on proc# 3 is 126190785.000000.
Local Sum on proc# 0 is 126196498.000000.
The total time is 504933751.000000. 
Time elapsed is 0.004908 secs. 
Local Sum on proc# 2 is 126276322.000000.
------------------------------------------------------
Running PBS epilogue script    - 07-Oct-2019 20:19:06
------------------------------------------------------
Checking node qb104 (MS)
Checking node qb104 ok
------------------------------------------------------
Concluding PBS epilogue script - 07-Oct-2019 20:19:08
------------------------------------------------------
Exit Status:     0
Job ID:          703848.qb3
Username:        mcg033
Group:           latechusers
Job Name:        myjob0
Session Id:      20079
Resource Limits: ncpus=1,neednodes=1:ppn=20,nodes=1:ppn=20,walltime=01:00:00
Resources Used:  cput=00:00:01,mem=0kb,vmem=0kb,walltime=00:00:03
Queue Used:      workq
Account String:  loni_cyen405
Node:            qb104
Process id:      20697
------------------------------------------------------
